[32m{"level":"info","message":"Table allaqachon yaratilgan","timestamp":"2024-11-29T12:05:17.968Z"}[39m
[32m{"level":"info","message":"Table allaqachon yaratilgan","timestamp":"2024-11-29T12:05:17.976Z"}[39m
[32m{"level":"info","message":"Table allaqachon yaratilgan","timestamp":"2024-11-29T12:05:17.977Z"}[39m
[32m{"level":"info","message":"Table yaratildi","timestamp":"2024-11-29T15:44:00.078Z"}[39m
[32m{"level":"info","message":"Table yaratildi","timestamp":"2024-11-29T15:44:00.103Z"}[39m
[32m{"level":"info","message":"Table yaratildi","timestamp":"2024-11-29T15:44:00.114Z"}[39m
[32m{"level":"info","message":"Table yaratildi","timestamp":"2024-11-29T15:44:00.128Z"}[39m
[32m{"level":"info","message":"Table yaratildi","timestamp":"2024-11-29T15:44:00.143Z"}[39m
[31m{"level":"error","message":"table.uuid(...).references(...).onDelete is not a function","timestamp":"2024-11-29T15:44:00.147Z"}[39m
[31m{"level":"error","message":"alter table \"discount\" add constraint \"discount_product_id_foreign\" foreign key (\"product_id\") references \"products\" (\"id\") on update CASCADE on delete CASCADE - отношение \"products\" не существует","timestamp":"2024-11-29T15:44:00.163Z"}[39m
[31m{"level":"error","message":"alter table \"order_items\" add constraint \"order_items_order_id_foreign\" foreign key (\"order_id\") references \"orders\" (\"id\") on update CASCADE on delete CASCADE - отношение \"orders\" не существует","timestamp":"2024-11-29T15:44:00.173Z"}[39m
[32m{"level":"info","message":"Table yaratildi","timestamp":"2024-11-29T15:44:00.187Z"}[39m
[32m{"level":"info","message":"Table yaratildi","timestamp":"2024-11-29T15:44:00.203Z"}[39m
[31m{"level":"error","message":"table.uuid(...).references(...).onDelete is not a function","timestamp":"2024-11-29T15:45:11.158Z"}[39m
[32m{"level":"info","message":"Table yaratildi","timestamp":"2024-11-29T15:46:05.117Z"}[39m
[32m{"level":"info","message":"Table allaqachon yaratilgan","timestamp":"2024-11-29T15:46:29.642Z"}[39m
[32m{"level":"info","message":"Table allaqachon yaratilgan","timestamp":"2024-11-29T15:46:57.529Z"}[39m
[32m{"level":"info","message":"Table allaqachon yaratilgan","timestamp":"2024-11-29T15:46:57.539Z"}[39m
[32m{"level":"info","message":"Table allaqachon yaratilgan","timestamp":"2024-11-29T15:46:57.544Z"}[39m
[32m{"level":"info","message":"Table allaqachon yaratilgan","timestamp":"2024-11-29T15:46:57.548Z"}[39m
[32m{"level":"info","message":"Table allaqachon yaratilgan","timestamp":"2024-11-29T15:46:57.552Z"}[39m
[32m{"level":"info","message":"Table allaqachon yaratilgan","timestamp":"2024-11-29T15:46:57.555Z"}[39m
[32m{"level":"info","message":"Table allaqachon yaratilgan","timestamp":"2024-11-29T15:46:57.558Z"}[39m
[32m{"level":"info","message":"Table allaqachon yaratilgan","timestamp":"2024-11-29T15:46:57.561Z"}[39m
[32m{"level":"info","message":"Table allaqachon yaratilgan","timestamp":"2024-11-29T15:46:57.566Z"}[39m
[32m{"level":"info","message":"Table allaqachon yaratilgan","timestamp":"2024-11-29T15:46:57.569Z"}[39m
[32m{"level":"info","message":"Table allaqachon yaratilgan","timestamp":"2024-11-29T15:46:57.572Z"}[39m
[31m{"level":"error","message":"alter table \"discount\" add constraint \"discount_product_id_foreign\" foreign key (\"product_id\") references \"products\" (\"id\") on update CASCADE on delete CASCADE - отношение \"products\" не существует","timestamp":"2024-11-29T15:50:47.813Z"}[39m
[32m{"level":"info","message":"Table yaratildi","timestamp":"2024-11-29T15:50:47.834Z"}[39m
[32m{"level":"info","message":"Table yaratildi","timestamp":"2024-11-29T15:50:47.851Z"}[39m
[32m{"level":"info","message":"Table yaratildi","timestamp":"2024-11-29T15:50:47.863Z"}[39m
[32m{"level":"info","message":"Table yaratildi","timestamp":"2024-11-29T15:50:47.877Z"}[39m
[32m{"level":"info","message":"Table yaratildi","timestamp":"2024-11-29T15:50:47.892Z"}[39m
[32m{"level":"info","message":"Table yaratildi","timestamp":"2024-11-29T15:50:47.907Z"}[39m
[32m{"level":"info","message":"Table allaqachon yaratilgan","timestamp":"2024-11-29T15:50:47.911Z"}[39m
[31m{"level":"error","message":"alter table \"order_items\" add constraint \"order_items_order_id_foreign\" foreign key (\"order_id\") references \"orders\" (\"id\") on update CASCADE on delete CASCADE - отношение \"orders\" не существует","timestamp":"2024-11-29T15:50:47.919Z"}[39m
[32m{"level":"info","message":"Table yaratildi","timestamp":"2024-11-29T15:50:47.934Z"}[39m
[32m{"level":"info","message":"Table yaratildi","timestamp":"2024-11-29T15:50:47.951Z"}[39m
[32m{"level":"info","message":"Table allaqachon yaratilgan","timestamp":"2024-11-29T15:52:46.758Z"}[39m
[32m{"level":"info","message":"Table allaqachon yaratilgan","timestamp":"2024-11-29T15:52:46.767Z"}[39m
[32m{"level":"info","message":"Table allaqachon yaratilgan","timestamp":"2024-11-29T15:52:46.771Z"}[39m
[32m{"level":"info","message":"Table allaqachon yaratilgan","timestamp":"2024-11-29T15:52:46.774Z"}[39m
[32m{"level":"info","message":"Table allaqachon yaratilgan","timestamp":"2024-11-29T15:52:46.778Z"}[39m
[32m{"level":"info","message":"Table allaqachon yaratilgan","timestamp":"2024-11-29T15:52:46.781Z"}[39m
[32m{"level":"info","message":"Table allaqachon yaratilgan","timestamp":"2024-11-29T15:52:46.784Z"}[39m
[32m{"level":"info","message":"Table allaqachon yaratilgan","timestamp":"2024-11-29T15:52:46.787Z"}[39m
[32m{"level":"info","message":"Table allaqachon yaratilgan","timestamp":"2024-11-29T15:52:46.791Z"}[39m
[32m{"level":"info","message":"Table allaqachon yaratilgan","timestamp":"2024-11-29T15:52:46.794Z"}[39m
[32m{"level":"info","message":"Table allaqachon yaratilgan","timestamp":"2024-11-29T15:52:46.798Z"}[39m
[31m{"level":"error","message":"alter table \"discount\" add constraint \"discount_product_id_foreign\" foreign key (\"product_id\") references \"products\" (\"id\") on update CASCADE on delete CASCADE - отношение \"products\" не существует","timestamp":"2024-11-29T15:56:13.458Z"}[39m
[32m{"level":"info","message":"Table yaratildi","timestamp":"2024-11-29T15:56:13.482Z"}[39m
[32m{"level":"info","message":"Table yaratildi","timestamp":"2024-11-29T15:56:13.504Z"}[39m
[32m{"level":"info","message":"Table yaratildi","timestamp":"2024-11-29T15:56:13.517Z"}[39m
[32m{"level":"info","message":"Table yaratildi","timestamp":"2024-11-29T15:56:13.529Z"}[39m
[32m{"level":"info","message":"Table yaratildi","timestamp":"2024-11-29T15:56:13.543Z"}[39m
[32m{"level":"info","message":"Table yaratildi","timestamp":"2024-11-29T15:56:13.557Z"}[39m
[32m{"level":"info","message":"Table allaqachon yaratilgan","timestamp":"2024-11-29T15:56:13.561Z"}[39m
[32m{"level":"info","message":"Table yaratildi","timestamp":"2024-11-29T15:56:13.576Z"}[39m
[32m{"level":"info","message":"Table yaratildi","timestamp":"2024-11-29T15:56:13.590Z"}[39m
[32m{"level":"info","message":"Table yaratildi","timestamp":"2024-11-29T15:56:13.606Z"}[39m
[32m{"level":"info","message":"Table allaqachon yaratilgan","timestamp":"2024-11-29T15:58:07.659Z"}[39m
[32m{"level":"info","message":"Table allaqachon yaratilgan","timestamp":"2024-11-29T15:58:07.668Z"}[39m
[32m{"level":"info","message":"Table allaqachon yaratilgan","timestamp":"2024-11-29T15:58:07.671Z"}[39m
[32m{"level":"info","message":"Table allaqachon yaratilgan","timestamp":"2024-11-29T15:58:07.675Z"}[39m
[32m{"level":"info","message":"Table allaqachon yaratilgan","timestamp":"2024-11-29T15:58:07.678Z"}[39m
[32m{"level":"info","message":"Table allaqachon yaratilgan","timestamp":"2024-11-29T15:58:07.682Z"}[39m
[32m{"level":"info","message":"Table allaqachon yaratilgan","timestamp":"2024-11-29T15:58:07.685Z"}[39m
[32m{"level":"info","message":"Table allaqachon yaratilgan","timestamp":"2024-11-29T15:58:07.690Z"}[39m
[32m{"level":"info","message":"Table allaqachon yaratilgan","timestamp":"2024-11-29T15:58:07.697Z"}[39m
[32m{"level":"info","message":"Table allaqachon yaratilgan","timestamp":"2024-11-29T15:58:07.702Z"}[39m
[32m{"level":"info","message":"Table allaqachon yaratilgan","timestamp":"2024-11-29T15:58:07.713Z"}[39m
[32m{"level":"info","message":"Table allaqachon yaratilgan","timestamp":"2024-11-29T15:58:19.251Z"}[39m
[32m{"level":"info","message":"Table allaqachon yaratilgan","timestamp":"2024-11-29T15:58:42.731Z"}[39m
[32m{"level":"info","message":"Table allaqachon yaratilgan","timestamp":"2024-11-29T16:02:51.758Z"}[39m
[32m{"level":"info","message":"Table allaqachon yaratilgan","timestamp":"2024-11-29T16:02:57.503Z"}[39m
[32m{"level":"info","message":"Table allaqachon yaratilgan","timestamp":"2024-11-29T16:03:02.925Z"}[39m
[32m{"level":"info","message":"Table allaqachon yaratilgan","timestamp":"2024-11-29T16:03:09.304Z"}[39m
[32m{"level":"info","message":"Table allaqachon yaratilgan","timestamp":"2024-11-29T16:03:14.737Z"}[39m
[32m{"level":"info","message":"Table allaqachon yaratilgan","timestamp":"2024-11-29T16:03:18.214Z"}[39m
[32m{"level":"info","message":"Table allaqachon yaratilgan","timestamp":"2024-11-29T16:03:27.084Z"}[39m
[32m{"level":"info","message":"Table allaqachon yaratilgan","timestamp":"2024-11-29T16:03:32.190Z"}[39m
[32m{"level":"info","message":"Table allaqachon yaratilgan","timestamp":"2024-11-29T16:04:01.443Z"}[39m
[32m{"level":"info","message":"Table allaqachon yaratilgan","timestamp":"2024-11-29T16:04:03.546Z"}[39m
[32m{"level":"info","message":"Table allaqachon yaratilgan","timestamp":"2024-11-29T16:04:05.522Z"}[39m
[32m{"level":"info","message":"Table allaqachon yaratilgan","timestamp":"2024-11-29T16:04:17.161Z"}[39m
[32m{"level":"info","message":"Table allaqachon yaratilgan","timestamp":"2024-11-29T16:04:27.362Z"}[39m
[32m{"level":"info","message":"Table allaqachon yaratilgan","timestamp":"2024-11-29T16:04:29.691Z"}[39m
[32m{"level":"info","message":"Table allaqachon yaratilgan","timestamp":"2024-11-29T16:04:33.551Z"}[39m
[32m{"level":"info","message":"Table allaqachon yaratilgan","timestamp":"2024-11-29T16:04:36.512Z"}[39m
[32m{"level":"info","message":"Table allaqachon yaratilgan","timestamp":"2024-11-29T16:04:40.130Z"}[39m
[32m{"level":"info","message":"Table allaqachon yaratilgan","timestamp":"2024-11-29T16:04:47.119Z"}[39m
[32m{"level":"info","message":"Table allaqachon yaratilgan","timestamp":"2024-11-29T16:05:03.101Z"}[39m
[32m{"level":"info","message":"Table allaqachon yaratilgan","timestamp":"2024-11-29T16:05:07.310Z"}[39m
[32m{"level":"info","message":"Table allaqachon yaratilgan","timestamp":"2024-11-29T16:05:09.280Z"}[39m
[32m{"level":"info","message":"Table allaqachon yaratilgan","timestamp":"2024-11-29T16:05:24.398Z"}[39m
[32m{"level":"info","message":"Table allaqachon yaratilgan","timestamp":"2024-11-29T16:05:30.071Z"}[39m
[32m{"level":"info","message":"Table allaqachon yaratilgan","timestamp":"2024-11-29T16:05:31.869Z"}[39m
[32m{"level":"info","message":"Table allaqachon yaratilgan","timestamp":"2024-11-29T16:05:35.037Z"}[39m
[32m{"level":"info","message":"Table allaqachon yaratilgan","timestamp":"2024-11-29T16:05:41.043Z"}[39m
[32m{"level":"info","message":"Table allaqachon yaratilgan","timestamp":"2024-11-29T16:05:47.393Z"}[39m
[32m{"level":"info","message":"Table allaqachon yaratilgan","timestamp":"2024-11-29T16:05:51.612Z"}[39m
[32m{"level":"info","message":"Table allaqachon yaratilgan","timestamp":"2024-11-29T16:05:58.371Z"}[39m
[32m{"level":"info","message":"Table allaqachon yaratilgan","timestamp":"2024-11-29T16:07:34.620Z"}[39m
[32m{"level":"info","message":"Table allaqachon yaratilgan","timestamp":"2024-11-29T16:07:39.471Z"}[39m
[32m{"level":"info","message":"Table allaqachon yaratilgan","timestamp":"2024-11-29T16:07:44.728Z"}[39m
[32m{"level":"info","message":"Table allaqachon yaratilgan","timestamp":"2024-11-29T16:07:47.232Z"}[39m
[32m{"level":"info","message":"Table allaqachon yaratilgan","timestamp":"2024-11-29T16:07:49.738Z"}[39m
[32m{"level":"info","message":"Table allaqachon yaratilgan","timestamp":"2024-11-29T16:07:52.933Z"}[39m
[32m{"level":"info","message":"Table allaqachon yaratilgan","timestamp":"2024-11-29T16:07:57.225Z"}[39m
[32m{"level":"info","message":"Table allaqachon yaratilgan","timestamp":"2024-11-29T16:08:00.586Z"}[39m
[32m{"level":"info","message":"Table allaqachon yaratilgan","timestamp":"2024-11-29T16:08:12.967Z"}[39m
[32m{"level":"info","message":"Table allaqachon yaratilgan","timestamp":"2024-11-29T16:08:14.726Z"}[39m
[32m{"level":"info","message":"Table allaqachon yaratilgan","timestamp":"2024-11-29T16:11:11.535Z"}[39m
[32m{"level":"info","message":"Table allaqachon yaratilgan","timestamp":"2024-11-29T16:12:25.550Z"}[39m
[32m{"level":"info","message":"Table allaqachon yaratilgan","timestamp":"2024-11-29T16:12:38.399Z"}[39m
[32m{"level":"info","message":"Table allaqachon yaratilgan","timestamp":"2024-11-29T16:14:44.584Z"}[39m
[32m{"level":"info","message":"Table allaqachon yaratilgan","timestamp":"2024-11-29T16:14:47.708Z"}[39m
[32m{"level":"info","message":"Table allaqachon yaratilgan","timestamp":"2024-11-29T16:14:54.250Z"}[39m
[32m{"level":"info","message":"Table allaqachon yaratilgan","timestamp":"2024-11-29T16:15:19.733Z"}[39m
[32m{"level":"info","message":"Table allaqachon yaratilgan","timestamp":"2024-11-29T16:15:27.062Z"}[39m
[32m{"level":"info","message":"Table allaqachon yaratilgan","timestamp":"2024-11-29T16:15:29.581Z"}[39m
[32m{"level":"info","message":"Table allaqachon yaratilgan","timestamp":"2024-11-29T16:15:37.896Z"}[39m
[32m{"level":"info","message":"Table allaqachon yaratilgan","timestamp":"2024-11-29T16:15:53.073Z"}[39m
[32m{"level":"info","message":"Table allaqachon yaratilgan","timestamp":"2024-11-29T16:15:56.240Z"}[39m
[32m{"level":"info","message":"Table allaqachon yaratilgan","timestamp":"2024-11-29T16:17:10.687Z"}[39m
[32m{"level":"info","message":"Table yaratildi","timestamp":"2024-11-29T16:23:33.380Z"}[39m
[32m{"level":"info","message":"Table allaqachon yaratilgan","timestamp":"2024-11-29T16:23:52.660Z"}[39m
[32m{"level":"info","message":"Table allaqachon yaratilgan","timestamp":"2024-11-29T16:23:55.947Z"}[39m
[32m{"level":"info","message":"Table allaqachon yaratilgan","timestamp":"2024-11-29T16:23:57.810Z"}[39m
[32m{"level":"info","message":"Table allaqachon yaratilgan","timestamp":"2024-11-29T16:24:08.157Z"}[39m
[32m{"level":"info","message":"Table allaqachon yaratilgan","timestamp":"2024-11-29T16:24:13.164Z"}[39m
[32m{"level":"info","message":"Table allaqachon yaratilgan","timestamp":"2024-11-29T16:24:16.684Z"}[39m
[32m{"level":"info","message":"Table allaqachon yaratilgan","timestamp":"2024-11-29T16:24:21.368Z"}[39m
[32m{"level":"info","message":"Table allaqachon yaratilgan","timestamp":"2024-11-29T16:24:21.378Z"}[39m
[32m{"level":"info","message":"Table allaqachon yaratilgan","timestamp":"2024-11-29T16:24:21.382Z"}[39m
[32m{"level":"info","message":"Table allaqachon yaratilgan","timestamp":"2024-11-29T16:24:21.385Z"}[39m
[32m{"level":"info","message":"Table allaqachon yaratilgan","timestamp":"2024-11-29T16:24:21.389Z"}[39m
[32m{"level":"info","message":"Table allaqachon yaratilgan","timestamp":"2024-11-29T16:24:21.393Z"}[39m
[32m{"level":"info","message":"Table allaqachon yaratilgan","timestamp":"2024-11-29T16:24:21.396Z"}[39m
[32m{"level":"info","message":"Table allaqachon yaratilgan","timestamp":"2024-11-29T16:24:21.400Z"}[39m
[32m{"level":"info","message":"Table allaqachon yaratilgan","timestamp":"2024-11-29T16:24:21.404Z"}[39m
[32m{"level":"info","message":"Table allaqachon yaratilgan","timestamp":"2024-11-29T16:24:21.409Z"}[39m
[32m{"level":"info","message":"Table allaqachon yaratilgan","timestamp":"2024-11-29T16:24:21.413Z"}[39m
[32m{"level":"info","message":"Table allaqachon yaratilgan","timestamp":"2024-11-29T16:24:21.416Z"}[39m
[32m{"level":"info","message":"Table allaqachon yaratilgan","timestamp":"2024-11-29T16:24:21.416Z"}[39m
[32m{"level":"info","message":"Table allaqachon yaratilgan","timestamp":"2024-11-29T16:24:21.426Z"}[39m
[32m{"level":"info","message":"Table allaqachon yaratilgan","timestamp":"2024-11-29T16:24:21.429Z"}[39m
[32m{"level":"info","message":"Table allaqachon yaratilgan","timestamp":"2024-11-29T16:24:21.432Z"}[39m
[32m{"level":"info","message":"Table allaqachon yaratilgan","timestamp":"2024-11-29T16:24:21.436Z"}[39m
[32m{"level":"info","message":"Table allaqachon yaratilgan","timestamp":"2024-11-29T16:24:21.439Z"}[39m
[32m{"level":"info","message":"Table allaqachon yaratilgan","timestamp":"2024-11-29T16:24:21.443Z"}[39m
[32m{"level":"info","message":"Table allaqachon yaratilgan","timestamp":"2024-11-29T16:24:21.446Z"}[39m
[32m{"level":"info","message":"Table allaqachon yaratilgan","timestamp":"2024-11-29T16:24:21.450Z"}[39m
[32m{"level":"info","message":"Table allaqachon yaratilgan","timestamp":"2024-11-29T16:24:21.453Z"}[39m
[32m{"level":"info","message":"Table allaqachon yaratilgan","timestamp":"2024-11-29T16:24:21.457Z"}[39m
[32m{"level":"info","message":"Table allaqachon yaratilgan","timestamp":"2024-11-29T16:24:21.460Z"}[39m
[32m{"level":"info","message":"Table allaqachon yaratilgan","timestamp":"2024-11-29T16:24:27.958Z"}[39m
[32m{"level":"info","message":"Table allaqachon yaratilgan","timestamp":"2024-11-29T16:24:33.691Z"}[39m
[32m{"level":"info","message":"Table allaqachon yaratilgan","timestamp":"2024-11-29T16:24:36.679Z"}[39m
[32m{"level":"info","message":"Table allaqachon yaratilgan","timestamp":"2024-11-29T16:28:11.005Z"}[39m
[32m{"level":"info","message":"Table allaqachon yaratilgan","timestamp":"2024-11-29T16:28:17.286Z"}[39m
[32m{"level":"info","message":"Table allaqachon yaratilgan","timestamp":"2024-11-29T16:28:20.741Z"}[39m
[32m{"level":"info","message":"Table allaqachon yaratilgan","timestamp":"2024-11-29T16:28:28.396Z"}[39m
[32m{"level":"info","message":"Table allaqachon yaratilgan","timestamp":"2024-11-29T16:28:32.007Z"}[39m
[32m{"level":"info","message":"Table allaqachon yaratilgan","timestamp":"2024-11-29T16:28:36.962Z"}[39m
[32m{"level":"info","message":"Table allaqachon yaratilgan","timestamp":"2024-11-29T16:28:38.834Z"}[39m
[32m{"level":"info","message":"Table allaqachon yaratilgan","timestamp":"2024-11-29T16:28:43.534Z"}[39m
[32m{"level":"info","message":"Table allaqachon yaratilgan","timestamp":"2024-11-29T16:28:48.579Z"}[39m
[32m{"level":"info","message":"Table allaqachon yaratilgan","timestamp":"2024-11-29T16:28:57.088Z"}[39m
[32m{"level":"info","message":"Table allaqachon yaratilgan","timestamp":"2024-11-29T16:45:43.926Z"}[39m
[32m{"level":"info","message":"Table allaqachon yaratilgan","timestamp":"2024-11-29T16:47:19.259Z"}[39m
[31m{"level":"error","message":"insert into \"otp\" (\"otp\") values (DEFAULT) - значение NULL в столбце \"otp\" отношения \"otp\" нарушает ограничение NOT NULL","timestamp":"2024-11-29T16:47:35.652Z"}[39m
[32m{"level":"info","message":"Table allaqachon yaratilgan","timestamp":"2024-11-29T16:48:10.189Z"}[39m
[32m{"level":"info","message":"Table allaqachon yaratilgan","timestamp":"2024-11-29T16:48:17.709Z"}[39m
[31m{"level":"error","message":"insert into \"otp\" (\"otp\") values (DEFAULT) - значение NULL в столбце \"otp\" отношения \"otp\" нарушает ограничение NOT NULL","timestamp":"2024-11-29T16:48:33.867Z"}[39m
[31m{"level":"error","message":"insert into \"otp\" (\"otp\") values (DEFAULT) - значение NULL в столбце \"otp\" отношения \"otp\" нарушает ограничение NOT NULL","timestamp":"2024-11-29T16:48:35.169Z"}[39m
[31m{"level":"error","message":"insert into \"otp\" (\"otp\") values (DEFAULT) - значение NULL в столбце \"otp\" отношения \"otp\" нарушает ограничение NOT NULL","timestamp":"2024-11-29T16:48:37.217Z"}[39m
[32m{"level":"info","message":"Table allaqachon yaratilgan","timestamp":"2024-11-29T16:49:13.776Z"}[39m
[32m{"level":"info","message":"Table allaqachon yaratilgan","timestamp":"2024-11-29T16:49:24.159Z"}[39m
[31m{"level":"error","message":"insert into \"otp\" (\"otp\") values (DEFAULT) - значение NULL в столбце \"otp\" отношения \"otp\" нарушает ограничение NOT NULL","timestamp":"2024-11-29T16:51:20.167Z"}[39m
[32m{"level":"info","message":"Table allaqachon yaratilgan","timestamp":"2024-11-29T16:51:47.837Z"}[39m
[32m{"level":"info","message":"Table allaqachon yaratilgan","timestamp":"2024-11-29T16:51:51.216Z"}[39m
[32m{"level":"info","message":"Table allaqachon yaratilgan","timestamp":"2024-11-29T16:52:24.328Z"}[39m
[31m{"level":"error","message":"insert into \"otp\" (\"otp\") values (DEFAULT) - значение NULL в столбце \"otp\" отношения \"otp\" нарушает ограничение NOT NULL","timestamp":"2024-11-29T16:53:01.447Z"}[39m
[31m{"level":"error","message":"insert into \"otp\" (\"otp\") values (DEFAULT) - значение NULL в столбце \"otp\" отношения \"otp\" нарушает ограничение NOT NULL","timestamp":"2024-11-29T16:55:04.462Z"}[39m
[32m{"level":"info","message":"Otp saved","timestamp":"2024-11-29T16:55:49.743Z"}[39m
[31m{"level":"error","message":"insert into \"otp\" (\"otp\") values (DEFAULT) - значение NULL в столбце \"otp\" отношения \"otp\" нарушает ограничение NOT NULL","timestamp":"2024-11-29T16:56:01.801Z"}[39m
[32m{"level":"info","message":"Otp saved","timestamp":"2024-11-29T16:58:11.871Z"}[39m
[32m{"level":"info","message":"Otp saved","timestamp":"2024-11-29T16:58:13.239Z"}[39m
[32m{"level":"info","message":"Otp saved","timestamp":"2024-11-29T17:02:07.437Z"}[39m
[32m{"level":"info","message":"Otp saved","timestamp":"2024-11-29T17:08:18.417Z"}[39m
[32m{"level":"info","message":"Otp saved","timestamp":"2024-11-29T17:27:55.837Z"}[39m
